# JRE version: OpenJDK Runtime Environment (11.0.10) (build 11.0.10+0-b96-7249189)
# Java VM: OpenJDK 64-Bit Server VM (11.0.10+0-b96-7249189, mixed mode, tiered, compressed oops, g1 gc, windows-amd64)
Heap:
 garbage-first heap   total 437248K, used 106926K [0x00000000a0000000, 0x0000000100000000)
  region size 1024K, 23 young (23552K), 7 survivors (7168K)
 Metaspace       used 91632K, capacity 94134K, committed 94720K, reserved 1132544K
  class space    used 11489K, capacity 12393K, committed 12544K, reserved 1048576K
GC Heap History (20 events):
Event: 1030.051 GC heap before
{Heap before GC invocations=65 (full 0):
 garbage-first heap   total 265216K, used 262951K [0x00000000a0000000, 0x0000000100000000)
  region size 1024K, 80 young (81920K), 5 survivors (5120K)
 Metaspace       used 89630K, capacity 92121K, committed 92416K, reserved 1128448K
  class space    used 11481K, capacity 12390K, committed 12544K, reserved 1048576K
}
Event: 1030.296 GC heap after
{Heap after GC invocations=66 (full 0):
 garbage-first heap   total 272384K, used 82761K [0x00000000a0000000, 0x0000000100000000)
  region size 1024K, 7 young (7168K), 7 survivors (7168K)
 Metaspace       used 89630K, capacity 92121K, committed 92416K, reserved 1128448K
  class space    used 11481K, capacity 12390K, committed 12544K, reserved 1048576K
}
Event: 1087.761 GC heap before
{Heap before GC invocations=66 (full 0):
 garbage-first heap   total 272384K, used 195401K [0x00000000a0000000, 0x0000000100000000)
  region size 1024K, 81 young (82944K), 7 survivors (7168K)
 Metaspace       used 90267K, capacity 92769K, committed 92928K, reserved 1130496K
  class space    used 11493K, capacity 12410K, committed 12544K, reserved 1048576K
}
Event: 1088.048 GC heap after
{Heap after GC invocations=67 (full 0):
 garbage-first heap   total 272384K, used 125864K [0x00000000a0000000, 0x0000000100000000)
  region size 1024K, 11 young (11264K), 11 survivors (11264K)
 Metaspace       used 90267K, capacity 92769K, committed 92928K, reserved 1130496K
  class space    used 11493K, capacity 12410K, committed 12544K, reserved 1048576K
}
Event: 1091.255 GC heap before
{Heap before GC invocations=68 (full 0):
 garbage-first heap   total 272384K, used 181160K [0x00000000a0000000, 0x0000000100000000)
  region size 1024K, 28 young (28672K), 11 survivors (11264K)
 Metaspace       used 90306K, capacity 92765K, committed 92928K, reserved 1130496K
  class space    used 11492K, capacity 12408K, committed 12544K, reserved 1048576K
}
Event: 1091.375 GC heap after
{Heap after GC invocations=69 (full 0):
 garbage-first heap   total 272384K, used 87469K [0x00000000a0000000, 0x0000000100000000)
  region size 1024K, 6 young (6144K), 6 survivors (6144K)
 Metaspace       used 90306K, capacity 92765K, committed 92928K, reserved 1130496K
  class space    used 11492K, capacity 12408K, committed 12544K, reserved 1048576K
}
Event: 1093.512 GC heap before
{Heap before GC invocations=70 (full 0):
 garbage-first heap   total 272384K, used 202157K [0x00000000a0000000, 0x0000000100000000)
  region size 1024K, 19 young (19456K), 6 survivors (6144K)
 Metaspace       used 90313K, capacity 92765K, committed 92928K, reserved 1130496K
  class space    used 11492K, capacity 12408K, committed 12544K, reserved 1048576K
}
Event: 1093.550 GC heap after
{Heap after GC invocations=71 (full 0):
 garbage-first heap   total 272384K, used 87195K [0x00000000a0000000, 0x0000000100000000)
  region size 1024K, 5 young (5120K), 5 survivors (5120K)
 Metaspace       used 90313K, capacity 92765K, committed 92928K, reserved 1130496K
  class space    used 11492K, capacity 12408K, committed 12544K, reserved 1048576K
}
Event: 1278.991 GC heap before
{Heap before GC invocations=72 (full 0):
 garbage-first heap   total 272384K, used 270491K [0x00000000a0000000, 0x0000000100000000)
  region size 1024K, 81 young (82944K), 5 survivors (5120K)
 Metaspace       used 90931K, capacity 93472K, committed 93696K, reserved 1130496K
  class space    used 11523K, capacity 12461K, committed 12544K, reserved 1048576K
}
Event: 1279.141 GC heap after
{Heap after GC invocations=73 (full 0):
 garbage-first heap   total 282624K, used 91568K [0x00000000a0000000, 0x0000000100000000)
  region size 1024K, 10 young (10240K), 10 survivors (10240K)
 Metaspace       used 90931K, capacity 93472K, committed 93696K, reserved 1130496K
  class space    used 11523K, capacity 12461K, committed 12544K, reserved 1048576K
}
Event: 2729.942 GC heap before
{Heap before GC invocations=73 (full 0):
 garbage-first heap   total 282624K, used 177584K [0x00000000a0000000, 0x0000000100000000)
  region size 1024K, 95 young (97280K), 10 survivors (10240K)
 Metaspace       used 91411K, capacity 94036K, committed 94208K, reserved 1130496K
  class space    used 11544K, capacity 12499K, committed 12544K, reserved 1048576K
}
Event: 2730.207 GC heap after
{Heap after GC invocations=74 (full 0):
 garbage-first heap   total 282624K, used 91055K [0x00000000a0000000, 0x0000000100000000)
  region size 1024K, 6 young (6144K), 6 survivors (6144K)
 Metaspace       used 91411K, capacity 94036K, committed 94208K, reserved 1130496K
  class space    used 11544K, capacity 12499K, committed 12544K, reserved 1048576K
}
Event: 2762.661 GC heap before
{Heap before GC invocations=74 (full 0):
 garbage-first heap   total 282624K, used 166831K [0x00000000a0000000, 0x0000000100000000)
  region size 1024K, 43 young (44032K), 6 survivors (6144K)
 Metaspace       used 91511K, capacity 94183K, committed 94464K, reserved 1130496K
  class space    used 11546K, capacity 12503K, committed 12544K, reserved 1048576K
}
Event: 2762.784 GC heap after
{Heap after GC invocations=75 (full 0):
 garbage-first heap   total 282624K, used 132022K [0x00000000a0000000, 0x0000000100000000)
  region size 1024K, 3 young (3072K), 3 survivors (3072K)
 Metaspace       used 91511K, capacity 94183K, committed 94464K, reserved 1130496K
  class space    used 11546K, capacity 12503K, committed 12544K, reserved 1048576K
}
Event: 2768.520 GC heap before
{Heap before GC invocations=76 (full 0):
 garbage-first heap   total 433152K, used 431030K [0x00000000a0000000, 0x0000000100000000)
  region size 1024K, 50 young (51200K), 3 survivors (3072K)
 Metaspace       used 91268K, capacity 93697K, committed 94464K, reserved 1130496K
  class space    used 11439K, capacity 12309K, committed 12544K, reserved 1048576K
}
Event: 2768.609 GC heap after
{Heap after GC invocations=77 (full 0):
 garbage-first heap   total 437248K, used 92966K [0x00000000a0000000, 0x0000000100000000)
  region size 1024K, 4 young (4096K), 4 survivors (4096K)
 Metaspace       used 91268K, capacity 93697K, committed 94464K, reserved 1130496K
  class space    used 11439K, capacity 12309K, committed 12544K, reserved 1048576K
}
Event: 3305.744 GC heap before
{Heap before GC invocations=77 (full 0):
 garbage-first heap   total 437248K, used 109350K [0x00000000a0000000, 0x0000000100000000)
  region size 1024K, 21 young (21504K), 4 survivors (4096K)
 Metaspace       used 91294K, capacity 93711K, committed 94464K, reserved 1130496K
  class space    used 11443K, capacity 12315K, committed 12544K, reserved 1048576K
}
Event: 3306.106 GC heap after
{Heap after GC invocations=78 (full 0):
 garbage-first heap   total 437248K, used 85996K [0x00000000a0000000, 0x0000000100000000)
  region size 1024K, 2 young (2048K), 2 survivors (2048K)
 Metaspace       used 91294K, capacity 93711K, committed 94464K, reserved 1130496K
  class space    used 11443K, capacity 12315K, committed 12544K, reserved 1048576K
}
Event: 4534.416 GC heap before
{Heap before GC invocations=78 (full 0):
 garbage-first heap   total 437248K, used 163820K [0x00000000a0000000, 0x0000000100000000)
  region size 1024K, 78 young (79872K), 2 survivors (2048K)
 Metaspace       used 91537K, capacity 94039K, committed 94464K, reserved 1130496K
  class space    used 11486K, capacity 12386K, committed 12544K, reserved 1048576K
}
Event: 4534.513 GC heap after
{Heap after GC invocations=79 (full 0):
 garbage-first heap   total 437248K, used 91566K [0x00000000a0000000, 0x0000000100000000)
  region size 1024K, 7 young (7168K), 7 survivors (7168K)
 Metaspace       used 91537K, capacity 94039K, committed 94464K, reserved 1130496K
  class space    used 11486K, capacity 12386K, committed 12544K, reserved 1048576K
}

